2026-04-07 13:13:05: Exiting...
2026-04-07 13:15:46: Exiting...
2026-04-07 13:16:11: Switching to log screen...
2026-04-07 13:16:16: Switching to radar screen...
2026-04-07 13:16:18: Switching to home screen...
2026-04-07 13:16:19: Switching to log screen...
2026-04-07 13:16:21: Exiting...
2026-04-07 13:23:18: Switching to log screen...
2026-04-07 13:25:34: Exiting...
2026-04-07 13:25:39: Switching to forecast screen...
2026-04-07 13:25:40: Switching to forecast screen...
2026-04-07 13:25:40: Switching to forecast screen...
2026-04-07 13:25:40: Switching to forecast screen...
2026-04-07 13:25:42: Switching to forecast screen...
2026-04-07 13:25:44: Exiting...
2026-04-07 13:26:14: Switching to forecast screen...
2026-04-07 13:26:21: Switching to radar screen...
2026-04-07 13:26:48: Exiting...
2026-04-07 13:27:39: Switching to forecast screen...
2026-04-07 13:27:43: Exiting...
2026-04-07 13:37:00: Exiting...
2026-04-07 13:37:51: Exiting...
2026-04-07 13:39:19: Switching to forecast screen...
2026-04-07 13:39:23: Exiting...
2026-04-07 13:41:52: Switching to forecast screen...
2026-04-07 13:41:54: Exiting...
2026-04-08 14:24:32: Switching to forecast screen...
2026-04-08 14:25:10: Switching to home screen...
2026-04-08 14:25:17: Exiting...
2026-04-08 14:25:28: Switching to forecast screen...
2026-04-08 14:26:28: Switching to radar screen...
2026-04-08 14:27:04: Exiting...
2026-04-08 14:31:50: Switching to forecast screen...
2026-04-08 14:32:00: Exiting...
2026-04-08 14:32:07: Switching to forecast screen...
2026-04-08 14:32:10: Exiting...
2026-04-08 14:32:53: Exiting...
2026-04-08 14:41:52: Switching to home screen...
2026-04-08 14:41:57: Exiting...
2026-04-08 14:43:15: Switching to home screen...
2026-04-08 14:43:21: Exiting...
2026-04-08 14:47:51 [INFO] TermRad: Switching to forecast screen...
2026-04-08 14:47:58 [INFO] TermRad: Switching to home screen...
2026-04-08 14:48:00 [INFO] TermRad: Exiting...
